  Game.cpp
D:\DesktopMT\FE\sfml\Game.cpp(48,12): warning C4244: 'initializing': conversion from 'sf::Int32' to 'float', possible loss of data
D:\DesktopMT\FE\sfml\Game.cpp(250,149): warning C4244: 'argument': conversion from 'int' to 'T', possible loss of data
          with
          [
              T=float
          ]
D:\DesktopMT\FE\sfml\Game.cpp(280,152): warning C4244: 'argument': conversion from 'int' to 'T', possible loss of data
          with
          [
              T=float
          ]
  Player.cpp
D:\DesktopMT\FE\sfml\Player.cpp(95,14): warning C4244: 'initializing': conversion from 'double' to 'float', possible loss of data
D:\DesktopMT\FE\sfml\Player.cpp(96,32): warning C4244: 'initializing': conversion from 'sf::Int32' to 'float', possible loss of data
D:\DesktopMT\FE\sfml\Player.cpp(114,82): warning C4244: 'argument': conversion from 'double' to 'T', possible loss of data
          with
          [
              T=float
          ]
D:\DesktopMT\FE\sfml\Player.cpp(114,26): warning C4244: 'argument': conversion from 'double' to 'T', possible loss of data
          with
          [
              T=float
          ]
D:\DesktopMT\FE\sfml\Player.cpp(149,93): warning C4244: 'argument': conversion from 'double' to 'T', possible loss of data
          with
          [
              T=float
          ]
D:\DesktopMT\FE\sfml\Player.cpp(149,40): warning C4244: 'argument': conversion from 'double' to 'T', possible loss of data
          with
          [
              T=float
          ]
  main.cpp
  Generating Code...
  sfml.vcxproj -> D:\DesktopMT\FE\sfml\x64\Debug\sfml.exe
